Arguments: 
  /Users/claudio/.asdf/installs/nodejs/16.16.0/bin/node /usr/local/Cellar/yarn/1.22.19/libexec/bin/yarn.js add -E zod

PATH: 
  /Users/claudio/.asdf/plugins/nodejs/shims:/Users/claudio/.asdf/installs/nodejs/lts-gallium/.npm/bin:/Users/claudio/.asdf/installs/nodejs/lts-gallium/bin:/Users/claudio/Library/pnpm:/Users/claudio/.bun/bin:/usr/local/sbin:/Users/claudio/.asdf/shims:/usr/local/opt/asdf/libexec/bin:/usr/local/bin:/System/Cryptexes/App/usr/bin:/usr/bin:/bin:/usr/sbin:/sbin:/Library/Apple/usr/bin:/Applications/Postgres.app/Contents/Versions/latest/bin:/Users/claudio/Library/Android/sdk/platform-tools:/platform-tools:/Users/claudio/Library/pnpm:/Users/claudio/.bun/bin:/usr/local/sbin:/Users/claudio/Library/Android/sdk/bin:/Users/claudio/Library/Android/sdk/emulator:/Users/claudio/Library/Android/sdk/tools:/Users/claudio/Library/Android/sdk/tools/bin:/Users/claudio/Library/Android/sdk/bin:/Users/claudio/Library/Android/sdk/emulator:/Users/claudio/Library/Android/sdk/tools:/Users/claudio/Library/Android/sdk/tools/bin:/Users/claudio/Library/Android/sdk/platform-tools

Yarn version: 
  1.22.19

Node version: 
  16.16.0

Platform: 
  darwin x64

Trace: 
  Error: ENOENT: no such file or directory, copyfile '/Users/claudio/Library/Caches/Yarn/v6/npm-estraverse-4.3.0-398ad3f3c5a24948be7725e83d11a7de28cdbd1d-integrity/node_modules/estraverse/.jshintrc' -> '/Users/claudio/Developer/sandbox/svelte-kit/node_modules/@typescript-eslint/utils/node_modules/estraverse/.jshintrc'

npm manifest: 
  {
  	"name": "svelte-kit",
  	"version": "0.0.1",
  	"private": true,
  	"scripts": {
  		"dev": "vite dev",
  		"build": "vite build",
  		"preview": "vite preview",
  		"check": "svelte-kit sync && svelte-check --tsconfig ./tsconfig.json",
  		"check:watch": "svelte-kit sync && svelte-check --tsconfig ./tsconfig.json --watch",
  		"lint": "prettier --plugin-search-dir . --check . && eslint .",
  		"format": "prettier --plugin-search-dir . --write ."
  	},
  	"devDependencies": {
  		"@sveltejs/adapter-auto": "1.0.1",
  		"@sveltejs/kit": "1.1.2",
  		"@typescript-eslint/eslint-plugin": "5.48.2",
  		"@typescript-eslint/parser": "5.48.2",
  		"eslint": "8.32.0",
  		"eslint-config-prettier": "8.6.0",
  		"eslint-plugin-svelte3": "4.0.0",
  		"prettier": "2.8.3",
  		"prettier-plugin-svelte": "2.9.0",
  		"prisma": "4.9.0",
  		"svelte": "3.55.1",
  		"svelte-check": "3.0.2",
  		"tslib": "2.4.1",
  		"typescript": "4.9.4",
  		"vite": "4.0.4"
  	},
  	"type": "module",
  	"dependencies": {
  		"@prisma/client": "4.9.0"
  	}
  }

yarn manifest: 
  No manifest

Lockfile: 
  No lockfile
